build/app/outputs/mapping/release/mapping.txt
# compiler: R8
# compiler_version: 1.5.64
# min_api: 16
# pg_map_id: 3cd4192
br.com.felipebufelli.favorite_youtube.MainActivity -> br.com.felipebufelli.favorite_youtube.MainActivity:
    void configureFlutterEngine(io.flutter.embedding.engine.FlutterEngine) -> a
...
androidx.appcompat.app.AppCompatDelegateImpl$PanelMenuPresenterCallback -> androidx.appcompat.app.g$p:
    androidx.appcompat.app.AppCompatDelegateImpl this$0 -> b
    void onCloseMenu(androidx.appcompat.view.menu.MenuBuilder,boolean) -> a
    boolean onOpenSubMenu(androidx.appcompat.view.menu.MenuBuilder) -> a
androidx.appcompat.app.AppCompatDialog -> androidx.appcompat.app.h:
    androidx.appcompat.app.AppCompatDelegate mDelegate -> b
    androidx.core.view.KeyEventDispatcher$Component mKeyDispatcher -> c
    androidx.appcompat.app.AppCompatDelegate getDelegate() -> a
    int getThemeResId(android.content.Context,int) -> a
    void onSupportActionModeStarted(androidx.appcompat.view.ActionMode) -> a
    androidx.appcompat.view.ActionMode onWindowStartingSupportActionMode(androidx.appcompat.view.ActionMode$Callback) -> a
    boolean superDispatchKeyEvent(android.view.KeyEvent) -> a
    boolean supportRequestWindowFeature(int) -> a
    void onSupportActionModeFinished(androidx.appcompat.view.ActionMode) -> b
androidx.appcompat.app.AppCompatDialog$1 -> androidx.appcompat.app.h$a:
    androidx.appcompat.app.AppCompatDialog this$0 -> b
    boolean superDispatchKeyEvent(android.view.KeyEvent) -> a
androidx.appcompat.app.AppCompatViewInflater -> androidx.appcompat.app.AppCompatViewInflater:
    int[] sOnClickAttrs -> c
    java.lang.Object[] mConstructorArgs -> a
    java.lang.Class[] sConstructorSignature -> b
    java.lang.String[] sClassPrefixList -> d
    java.util.Map sConstructorMap -> e
    void checkOnClickListener(android.view.View,android.util.AttributeSet) -> a
    androidx.appcompat.widget.AppCompatAutoCompleteTextView createAutoCompleteTextView(android.content.Context,android.util.AttributeSet) -> a
    android.view.View createView(android.content.Context,java.lang.String,android.util.AttributeSet) -> a
    android.view.View createView(android.view.View,java.lang.String,android.content.Context,android.util.AttributeSet,boolean,boolean,boolean,boolean) -> a
    android.view.View createViewByPrefix(android.content.Context,java.lang.String,java.lang.String) -> a
    android.content.Context themifyContext(android.content.Context,android.util.AttributeSet,boolean,boolean) -> a
    void verifyNotNull(android.view.View,java.lang.String) -> a
    androidx.appcompat.widget.AppCompatButton createButton(android.content.Context,android.util.AttributeSet) -> b
    android.view.View createViewFromTag(android.content.Context,java.lang.String,android.util.AttributeSet) -> b
    androidx.appcompat.widget.AppCompatCheckBox createCheckBox(android.content.Context,android.util.AttributeSet) -> c
androidx.appcompat.app.AppCompatViewInflater$DeclaredOnClickListener -> androidx.appcompat.app.AppCompatViewInflater$a:
    java.lang.reflect.Method mResolvedMethod -> d
    android.view.View mHostView -> b
    java.lang.String mMethodName -> c
    android.content.Context mResolvedContext -> e
    void resolveMethod(android.content.Context,java.lang.String) -> a
androidx.appcompat.app.ResourcesFlusher -> androidx.appcompat.app.i:
    java.lang.reflect.Field sResourcesImplField -> g
    java.lang.reflect.Field sThemedResourceCache_mUnthemedEntriesField -> e
    boolean sThemedResourceCache_mUnthemedEntriesFieldFetched -> f
    boolean sResourcesImplFieldFetched -> h
    java.lang.reflect.Field sDrawableCacheField -> a
    boolean sDrawableCacheFieldFetched -> b
    java.lang.Class sThemedResourceCacheClazz -> c
    boolean sThemedResourceCacheClazzFetched -> d
    void flush(android.content.res.Resources) -> a
    void flushThemedResourcesCache(java.lang.Object) -> a
    void flushLollipops(android.content.res.Resources) -> b
    void flushMarshmallows(android.content.res.Resources) -> c
    void flushNougats(android.content.res.Resources) -> d